<?xml version="1.0" encoding="UTF-8"?>
<testng-results total="1" passed="1" failed="0" skipped="0">
  <reporter-output>
  </reporter-output>
  <suite started-at="2021-02-27T20:21:48Z" name="Surefire suite" finished-at="2021-02-27T20:21:48Z" duration-ms="44">
    <groups>
    </groups>
    <test started-at="2021-02-27T20:21:48Z" name="Surefire test" finished-at="2021-02-27T20:21:48Z" duration-ms="44">
      <class name="Academy.AppTest">
        <test-method signature="shouldAnswerWithTrue()[pri:0, instance:shouldAnswerWithTrue(Academy.AppTest)]" started-at="2021-02-27T15:21:48Z" name="shouldAnswerWithTrue" finished-at="2021-02-27T15:21:48Z" duration-ms="1" status="PASS">
          <reporter-output>
          </reporter-output>
        </test-method> <!-- shouldAnswerWithTrue -->
      </class> <!-- Academy.AppTest -->
    </test> <!-- Surefire test -->
  </suite> <!-- Surefire suite -->
</testng-results>
