<?xml version="1.0" encoding="UTF-8"?>
<testng-results total="1" passed="1" failed="0" skipped="0">
  <reporter-output>
  </reporter-output>
  <suite started-at="2021-05-20T12:41:45Z" name="Default suite" finished-at="2021-05-20T12:41:48Z" duration-ms="3411">
    <groups>
    </groups>
    <test started-at="2021-05-20T12:41:45Z" name="Default test" finished-at="2021-05-20T12:41:48Z" duration-ms="3411">
      <class name="Academy.HomePage">
        <test-method is-config="true" signature="initialize()[pri:0, instance:Academy.HomePage@47987356]" started-at="2021-05-20T08:41:45Z" name="initialize" finished-at="2021-05-20T08:41:48Z" duration-ms="3261" status="PASS">
          <reporter-output>
          </reporter-output>
        </test-method> <!-- initialize -->
        <test-method signature="validateAppnavbar()[pri:0, instance:Academy.HomePage@47987356]" started-at="2021-05-20T08:41:48Z" name="validateAppnavbar" finished-at="2021-05-20T08:41:48Z" duration-ms="66" status="PASS">
          <reporter-output>
          </reporter-output>
        </test-method> <!-- validateAppnavbar -->
        <test-method is-config="true" signature="teardown()[pri:0, instance:Academy.HomePage@47987356]" started-at="2021-05-20T08:41:48Z" name="teardown" finished-at="2021-05-20T08:41:48Z" duration-ms="75" status="PASS">
          <reporter-output>
          </reporter-output>
        </test-method> <!-- teardown -->
      </class> <!-- Academy.HomePage -->
    </test> <!-- Default test -->
  </suite> <!-- Default suite -->
</testng-results>
